<?xml version="1.0" encoding="UTF-8"?>
<testng-results ignored="0" total="1" passed="1" failed="0" skipped="0">
  <reporter-output>
  </reporter-output>
  <suite started-at="2023-05-04T11:56:36 IST" name="Suite" finished-at="2023-05-04T11:56:59 IST" duration-ms="23833">
    <groups>
    </groups>
    <test started-at="2023-05-04T11:56:36 IST" name="Test" finished-at="2023-05-04T11:56:59 IST" duration-ms="23833">
      <class name="IntelligenceBank.ContactUs.ContactUsTest">
        <test-method is-config="true" signature="initializeDriver()[pri:0, instance:IntelligenceBank.ContactUs.ContactUsTest@3febb011]" started-at="2023-05-04T11:56:36 IST" name="initializeDriver" finished-at="2023-05-04T11:56:40 IST" duration-ms="4263" status="PASS">
          <reporter-output>
          </reporter-output>
        </test-method> <!-- initializeDriver -->
        <test-method signature="contactUsForm()[pri:0, instance:IntelligenceBank.ContactUs.ContactUsTest@3febb011]" started-at="2023-05-04T11:56:40 IST" name="contactUsForm" finished-at="2023-05-04T11:56:59 IST" duration-ms="19290" status="PASS">
          <reporter-output>
          </reporter-output>
        </test-method> <!-- contactUsForm -->
        <test-method is-config="true" signature="tearDown()[pri:0, instance:IntelligenceBank.ContactUs.ContactUsTest@3febb011]" started-at="2023-05-04T11:56:59 IST" name="tearDown" finished-at="2023-05-04T11:56:59 IST" duration-ms="214" status="PASS">
          <reporter-output>
          </reporter-output>
        </test-method> <!-- tearDown -->
      </class> <!-- IntelligenceBank.ContactUs.ContactUsTest -->
    </test> <!-- Test -->
  </suite> <!-- Suite -->
</testng-results>
